<?xml version="1.0" encoding="UTF-8"?>
<testng-results skipped="0" failed="0" ignored="0" total="1" passed="1">
  <reporter-output>
  </reporter-output>
  <suite name="Default suite" duration-ms="8803" started-at="2022-08-09T05:58:12Z" finished-at="2022-08-09T05:58:21Z">
    <groups>
    </groups>
    <test name="Default test" duration-ms="8803" started-at="2022-08-09T05:58:12Z" finished-at="2022-08-09T05:58:21Z">
      <class name="org.serialization.Serialization">
        <test-method status="PASS" signature="serialization()[pri:0, instance:org.serialization.Serialization@e45f292]" name="serialization" duration-ms="8725" started-at="2022-08-09T05:58:12Z" finished-at="2022-08-09T05:58:21Z">
          <reporter-output>
          </reporter-output>
        </test-method> <!-- serialization -->
      </class> <!-- org.serialization.Serialization -->
    </test> <!-- Default test -->
  </suite> <!-- Default suite -->
</testng-results>
